<?xml version="1.0" encoding="UTF-8"?>
<coverage generated="1641593983887" clover="3.2.0">
  <project timestamp="1641593983887" name="All files">
    <metrics statements="28" coveredstatements="12" conditionals="12" coveredconditionals="4" methods="7" coveredmethods="2" elements="47" coveredelements="18" complexity="0" loc="28" ncloc="28" packages="1" files="3" classes="3"/>
    <file name="docking_station.js" path="/Users/ayishaalli/Library/Mobile Documents/com~apple~CloudDocs/TECH/Multiverse Bootcamp/Scooter Hire System Project/src/docking_station.js">
      <metrics statements="17" coveredstatements="2" conditionals="8" coveredconditionals="0" methods="4" coveredmethods="0"/>
      <line num="1" count="1" type="stmt"/>
      <line num="6" count="0" type="stmt"/>
      <line num="7" count="0" type="stmt"/>
      <line num="10" count="0" type="stmt"/>
      <line num="11" count="0" type="stmt"/>
      <line num="17" count="0" type="cond" truecount="0" falsecount="2"/>
      <line num="18" count="0" type="stmt"/>
      <line num="20" count="0" type="stmt"/>
      <line num="25" count="0" type="cond" truecount="0" falsecount="2"/>
      <line num="26" count="0" type="stmt"/>
      <line num="28" count="0" type="stmt"/>
      <line num="34" count="0" type="cond" truecount="0" falsecount="2"/>
      <line num="35" count="0" type="stmt"/>
      <line num="37" count="0" type="cond" truecount="0" falsecount="2"/>
      <line num="38" count="0" type="stmt"/>
      <line num="40" count="0" type="stmt"/>
      <line num="45" count="1" type="stmt"/>
    </file>
    <file name="scooter.js" path="/Users/ayishaalli/Library/Mobile Documents/com~apple~CloudDocs/TECH/Multiverse Bootcamp/Scooter Hire System Project/src/scooter.js">
      <metrics statements="9" coveredstatements="9" conditionals="4" coveredconditionals="4" methods="2" coveredmethods="2"/>
      <line num="1" count="1" type="stmt"/>
      <line num="2" count="1" type="stmt"/>
      <line num="12" count="2" type="stmt"/>
      <line num="13" count="2" type="stmt"/>
      <line num="14" count="2" type="stmt"/>
      <line num="18" count="2" type="cond" truecount="4" falsecount="0"/>
      <line num="19" count="1" type="stmt"/>
      <line num="21" count="1" type="stmt"/>
      <line num="26" count="1" type="stmt"/>
    </file>
    <file name="user.js" path="/Users/ayishaalli/Library/Mobile Documents/com~apple~CloudDocs/TECH/Multiverse Bootcamp/Scooter Hire System Project/src/user.js">
      <metrics statements="2" coveredstatements="1" conditionals="0" coveredconditionals="0" methods="1" coveredmethods="0"/>
      <line num="5" count="0" type="stmt"/>
      <line num="9" count="1" type="stmt"/>
    </file>
  </project>
</coverage>
