<?xml version="1.0" encoding="UTF-8"?>
<coverage generated="1641979079880" clover="3.2.0">
  <project timestamp="1641979079880" name="All files">
    <metrics statements="71" coveredstatements="69" conditionals="20" coveredconditionals="16" methods="17" coveredmethods="17" elements="108" coveredelements="102" complexity="0" loc="71" ncloc="71" packages="1" files="6" classes="6"/>
    <file name="admin.js" path="/Users/ayishaalli/Library/Mobile Documents/com~apple~CloudDocs/TECH/Multiverse Bootcamp/Scooter Hire System Project/src/admin.js">
      <metrics statements="10" coveredstatements="9" conditionals="2" coveredconditionals="1" methods="2" coveredmethods="2"/>
      <line num="1" count="1" type="stmt"/>
      <line num="2" count="1" type="stmt"/>
      <line num="7" count="2" type="stmt"/>
      <line num="10" count="2" type="stmt"/>
      <line num="11" count="2" type="stmt"/>
      <line num="15" count="1" type="cond" truecount="1" falsecount="1"/>
      <line num="16" count="1" type="stmt"/>
      <line num="17" count="1" type="stmt"/>
      <line num="19" count="0" type="stmt"/>
      <line num="23" count="1" type="stmt"/>
    </file>
    <file name="docking_station.js" path="/Users/ayishaalli/Library/Mobile Documents/com~apple~CloudDocs/TECH/Multiverse Bootcamp/Scooter Hire System Project/src/docking_station.js">
      <metrics statements="17" coveredstatements="16" conditionals="8" coveredconditionals="7" methods="4" coveredmethods="4"/>
      <line num="1" count="5" type="stmt"/>
      <line num="6" count="5" type="stmt"/>
      <line num="7" count="5" type="stmt"/>
      <line num="10" count="5" type="stmt"/>
      <line num="11" count="5" type="stmt"/>
      <line num="17" count="1" type="cond" truecount="1" falsecount="1"/>
      <line num="18" count="1" type="stmt"/>
      <line num="20" count="0" type="stmt"/>
      <line num="25" count="2" type="cond" truecount="2" falsecount="0"/>
      <line num="26" count="1" type="stmt"/>
      <line num="28" count="1" type="stmt"/>
      <line num="36" count="4" type="cond" truecount="2" falsecount="0"/>
      <line num="37" count="2" type="stmt"/>
      <line num="39" count="2" type="cond" truecount="2" falsecount="0"/>
      <line num="40" count="1" type="stmt"/>
      <line num="42" count="1" type="stmt"/>
      <line num="53" count="5" type="stmt"/>
    </file>
    <file name="maintenance.js" path="/Users/ayishaalli/Library/Mobile Documents/com~apple~CloudDocs/TECH/Multiverse Bootcamp/Scooter Hire System Project/src/maintenance.js">
      <metrics statements="10" coveredstatements="10" conditionals="2" coveredconditionals="1" methods="3" coveredmethods="3"/>
      <line num="1" count="1" type="stmt"/>
      <line num="2" count="1" type="stmt"/>
      <line num="7" count="3" type="stmt"/>
      <line num="10" count="3" type="stmt"/>
      <line num="11" count="3" type="stmt"/>
      <line num="15" count="2" type="stmt"/>
      <line num="19" count="1" type="cond" truecount="1" falsecount="1"/>
      <line num="20" count="1" type="stmt"/>
      <line num="22" count="1" type="stmt"/>
      <line num="28" count="1" type="stmt"/>
    </file>
    <file name="registered_customer.js" path="/Users/ayishaalli/Library/Mobile Documents/com~apple~CloudDocs/TECH/Multiverse Bootcamp/Scooter Hire System Project/src/registered_customer.js">
      <metrics statements="17" coveredstatements="17" conditionals="0" coveredconditionals="0" methods="4" coveredmethods="4"/>
      <line num="1" count="1" type="stmt"/>
      <line num="2" count="1" type="stmt"/>
      <line num="3" count="1" type="stmt"/>
      <line num="7" count="4" type="stmt"/>
      <line num="12" count="4" type="stmt"/>
      <line num="14" count="4" type="stmt"/>
      <line num="18" count="4" type="stmt"/>
      <line num="19" count="4" type="stmt"/>
      <line num="23" count="1" type="stmt"/>
      <line num="24" count="1" type="stmt"/>
      <line num="35" count="1" type="stmt"/>
      <line num="36" count="1" type="stmt"/>
      <line num="41" count="1" type="stmt"/>
      <line num="42" count="1" type="stmt"/>
      <line num="43" count="1" type="stmt"/>
      <line num="44" count="1" type="stmt"/>
      <line num="49" count="1" type="stmt"/>
    </file>
    <file name="scooter.js" path="/Users/ayishaalli/Library/Mobile Documents/com~apple~CloudDocs/TECH/Multiverse Bootcamp/Scooter Hire System Project/src/scooter.js">
      <metrics statements="15" coveredstatements="15" conditionals="8" coveredconditionals="7" methods="3" coveredmethods="3"/>
      <line num="1" count="5" type="stmt"/>
      <line num="2" count="5" type="stmt"/>
      <line num="9" count="13" type="stmt"/>
      <line num="14" count="13" type="stmt"/>
      <line num="15" count="13" type="stmt"/>
      <line num="16" count="13" type="stmt"/>
      <line num="17" count="13" type="stmt"/>
      <line num="21" count="2" type="cond" truecount="4" falsecount="0"/>
      <line num="22" count="1" type="stmt"/>
      <line num="24" count="1" type="stmt"/>
      <line num="29" count="2" type="cond" truecount="2" falsecount="0"/>
      <line num="30" count="1" type="stmt"/>
      <line num="31" count="1" type="cond" truecount="1" falsecount="1"/>
      <line num="32" count="1" type="stmt"/>
      <line num="39" count="5" type="stmt"/>
    </file>
    <file name="user.js" path="/Users/ayishaalli/Library/Mobile Documents/com~apple~CloudDocs/TECH/Multiverse Bootcamp/Scooter Hire System Project/src/user.js">
      <metrics statements="2" coveredstatements="2" conditionals="0" coveredconditionals="0" methods="1" coveredmethods="1"/>
      <line num="5" count="9" type="stmt"/>
      <line num="9" count="5" type="stmt"/>
    </file>
  </project>
</coverage>
