TN:
SF:src/admin.js
FN:9,(anonymous_0)
FN:14,(anonymous_1)
FNF:2
FNH:2
FNDA:2,(anonymous_0)
FNDA:1,(anonymous_1)
DA:1,1
DA:2,1
DA:7,2
DA:10,2
DA:11,2
DA:15,1
DA:16,1
DA:17,1
DA:19,0
DA:23,1
LF:10
LH:9
BRDA:15,0,0,1
BRDA:15,0,1,0
BRF:2
BRH:1
end_of_record
TN:
SF:src/docking_station.js
FN:9,(anonymous_0)
FN:15,(anonymous_1)
FN:23,(anonymous_2)
FN:35,(anonymous_3)
FNF:4
FNH:4
FNDA:5,(anonymous_0)
FNDA:1,(anonymous_1)
FNDA:2,(anonymous_2)
FNDA:4,(anonymous_3)
DA:1,5
DA:6,5
DA:7,5
DA:10,5
DA:11,5
DA:17,1
DA:18,1
DA:20,0
DA:25,2
DA:26,1
DA:28,1
DA:36,4
DA:37,2
DA:39,2
DA:40,1
DA:42,1
DA:53,5
LF:17
LH:16
BRDA:17,0,0,1
BRDA:17,0,1,0
BRDA:25,1,0,1
BRDA:25,1,1,1
BRDA:36,2,0,2
BRDA:36,2,1,2
BRDA:39,3,0,1
BRDA:39,3,1,1
BRF:8
BRH:7
end_of_record
TN:
SF:src/maintenance.js
FN:9,(anonymous_0)
FN:14,(anonymous_1)
FN:18,(anonymous_2)
FNF:3
FNH:3
FNDA:3,(anonymous_0)
FNDA:2,(anonymous_1)
FNDA:1,(anonymous_2)
DA:1,1
DA:2,1
DA:7,3
DA:10,3
DA:11,3
DA:15,2
DA:19,1
DA:20,1
DA:22,1
DA:28,1
LF:10
LH:10
BRDA:19,0,0,1
BRDA:19,0,1,0
BRF:2
BRH:1
end_of_record
TN:
SF:src/registered_customer.js
FN:17,(anonymous_0)
FN:22,(anonymous_1)
FN:34,(anonymous_2)
FN:40,(anonymous_3)
FNF:4
FNH:4
FNDA:4,(anonymous_0)
FNDA:1,(anonymous_1)
FNDA:1,(anonymous_2)
FNDA:1,(anonymous_3)
DA:1,1
DA:2,1
DA:3,1
DA:7,4
DA:12,4
DA:14,4
DA:18,4
DA:19,4
DA:23,1
DA:24,1
DA:35,1
DA:36,1
DA:41,1
DA:42,1
DA:43,1
DA:44,1
DA:49,1
LF:17
LH:17
BRF:0
BRH:0
end_of_record
TN:
SF:src/scooter.js
FN:13,(anonymous_0)
FN:20,(anonymous_1)
FN:28,(anonymous_2)
FNF:3
FNH:3
FNDA:13,(anonymous_0)
FNDA:2,(anonymous_1)
FNDA:2,(anonymous_2)
DA:1,5
DA:2,5
DA:9,13
DA:14,13
DA:15,13
DA:16,13
DA:17,13
DA:21,2
DA:22,1
DA:24,1
DA:29,2
DA:30,1
DA:31,1
DA:32,1
DA:39,5
LF:15
LH:15
BRDA:21,0,0,1
BRDA:21,0,1,1
BRDA:21,1,0,2
BRDA:21,1,1,1
BRDA:29,2,0,1
BRDA:29,2,1,1
BRDA:31,3,0,1
BRDA:31,3,1,0
BRF:8
BRH:7
end_of_record
TN:
SF:src/user.js
FN:4,(anonymous_0)
FNF:1
FNH:1
FNDA:9,(anonymous_0)
DA:5,9
DA:9,5
LF:2
LH:2
BRF:0
BRH:0
end_of_record
