<?xml version="1.0" encoding="UTF-8"?>
<coverage generated="1641551701198" clover="3.2.0">
  <project timestamp="1641551701198" name="All files">
    <metrics statements="32" coveredstatements="32" conditionals="2" coveredconditionals="1" methods="8" coveredmethods="8" elements="42" coveredelements="41" complexity="0" loc="32" ncloc="32" packages="1" files="5" classes="5"/>
    <file name="bag.js" path="/Users/ayishaalli/Library/Mobile Documents/com~apple~CloudDocs/TECH/Multiverse Bootcamp/Airport Classes/src/bag.js">
      <metrics statements="3" coveredstatements="3" conditionals="2" coveredconditionals="1" methods="2" coveredmethods="2"/>
      <line num="6" count="11" type="stmt"/>
      <line num="11" count="1" type="cond" truecount="1" falsecount="1"/>
      <line num="15" count="5" type="stmt"/>
    </file>
    <file name="crewmember.js" path="/Users/ayishaalli/Library/Mobile Documents/com~apple~CloudDocs/TECH/Multiverse Bootcamp/Airport Classes/src/crewmember.js">
      <metrics statements="6" coveredstatements="6" conditionals="0" coveredconditionals="0" methods="1" coveredmethods="1"/>
      <line num="1" count="2" type="stmt"/>
      <line num="2" count="2" type="stmt"/>
      <line num="9" count="1" type="stmt"/>
      <line num="10" count="1" type="stmt"/>
      <line num="11" count="1" type="stmt"/>
      <line num="16" count="2" type="stmt"/>
    </file>
    <file name="passenger.js" path="/Users/ayishaalli/Library/Mobile Documents/com~apple~CloudDocs/TECH/Multiverse Bootcamp/Airport Classes/src/passenger.js">
      <metrics statements="6" coveredstatements="6" conditionals="0" coveredconditionals="0" methods="1" coveredmethods="1"/>
      <line num="1" count="2" type="stmt"/>
      <line num="2" count="2" type="stmt"/>
      <line num="10" count="2" type="stmt"/>
      <line num="11" count="2" type="stmt"/>
      <line num="12" count="2" type="stmt"/>
      <line num="18" count="2" type="stmt"/>
    </file>
    <file name="plane.js" path="/Users/ayishaalli/Library/Mobile Documents/com~apple~CloudDocs/TECH/Multiverse Bootcamp/Airport Classes/src/plane.js">
      <metrics statements="6" coveredstatements="6" conditionals="0" coveredconditionals="0" methods="2" coveredmethods="2"/>
      <line num="1" count="1" type="stmt"/>
      <line num="2" count="1" type="stmt"/>
      <line num="10" count="1" type="stmt"/>
      <line num="11" count="1" type="stmt"/>
      <line num="15" count="1" type="stmt"/>
      <line num="19" count="1" type="stmt"/>
    </file>
    <file name="traveller.js" path="/Users/ayishaalli/Library/Mobile Documents/com~apple~CloudDocs/TECH/Multiverse Bootcamp/Airport Classes/src/traveller.js">
      <metrics statements="11" coveredstatements="11" conditionals="0" coveredconditionals="0" methods="2" coveredmethods="2"/>
      <line num="1" count="4" type="stmt"/>
      <line num="5" count="12" type="stmt"/>
      <line num="9" count="12" type="stmt"/>
      <line num="14" count="9" type="stmt"/>
      <line num="19" count="4" type="stmt"/>
      <line num="21" count="4" type="stmt"/>
      <line num="22" count="4" type="stmt"/>
      <line num="23" count="4" type="stmt"/>
      <line num="24" count="4" type="stmt"/>
      <line num="25" count="4" type="stmt"/>
      <line num="26" count="4" type="stmt"/>
    </file>
  </project>
</coverage>
