{"/Users/ayishaalli/Library/Mobile Documents/com~apple~CloudDocs/TECH/Multiverse Bootcamp/Airport Classes/src/bag.js": {"path":"/Users/ayishaalli/Library/Mobile Documents/com~apple~CloudDocs/TECH/Multiverse Bootcamp/Airport Classes/src/bag.js","statementMap":{"0":{"start":{"line":6,"column":8},"end":{"line":6,"column":28}},"1":{"start":{"line":11,"column":8},"end":{"line":11,"column":46}},"2":{"start":{"line":15,"column":0},"end":{"line":15,"column":20}}},"fnMap":{"0":{"name":"(anonymous_0)","decl":{"start":{"line":5,"column":4},"end":{"line":5,"column":5}},"loc":{"start":{"line":5,"column":23},"end":{"line":7,"column":5}},"line":5},"1":{"name":"(anonymous_1)","decl":{"start":{"line":10,"column":4},"end":{"line":10,"column":5}},"loc":{"start":{"line":10,"column":17},"end":{"line":13,"column":5}},"line":10}},"branchMap":{"0":{"loc":{"start":{"line":11,"column":15},"end":{"line":11,"column":46}},"type":"cond-expr","locations":[{"start":{"line":11,"column":34},"end":{"line":11,"column":38}},{"start":{"line":11,"column":41},"end":{"line":11,"column":46}}],"line":11}},"s":{"0":12,"1":2,"2":5},"f":{"0":12,"1":2},"b":{"0":[1,1]},"_coverageSchema":"1a1c01bbd47fc00a2c39e90264f33305004495a9","hash":"f279a781f640d3fc05cfa2b222730294f63d1c88"}
,"/Users/ayishaalli/Library/Mobile Documents/com~apple~CloudDocs/TECH/Multiverse Bootcamp/Airport Classes/src/crewmember.js": {"path":"/Users/ayishaalli/Library/Mobile Documents/com~apple~CloudDocs/TECH/Multiverse Bootcamp/Airport Classes/src/crewmember.js","statementMap":{"0":{"start":{"line":1,"column":12},"end":{"line":1,"column":28}},"1":{"start":{"line":2,"column":18},"end":{"line":2,"column":40}},"2":{"start":{"line":9,"column":8},"end":{"line":9,"column":20}},"3":{"start":{"line":10,"column":8},"end":{"line":10,"column":33}},"4":{"start":{"line":11,"column":8},"end":{"line":11,"column":33}},"5":{"start":{"line":16,"column":0},"end":{"line":16,"column":27}}},"fnMap":{"0":{"name":"(anonymous_0)","decl":{"start":{"line":8,"column":4},"end":{"line":8,"column":5}},"loc":{"start":{"line":8,"column":41},"end":{"line":13,"column":5}},"line":8}},"branchMap":{},"s":{"0":2,"1":2,"2":1,"3":1,"4":1,"5":2},"f":{"0":1},"b":{},"_coverageSchema":"1a1c01bbd47fc00a2c39e90264f33305004495a9","hash":"8ea577a0e456bc35a5635d6ecdbe5e16907e448c"}
,"/Users/ayishaalli/Library/Mobile Documents/com~apple~CloudDocs/TECH/Multiverse Bootcamp/Airport Classes/src/passenger.js": {"path":"/Users/ayishaalli/Library/Mobile Documents/com~apple~CloudDocs/TECH/Multiverse Bootcamp/Airport Classes/src/passenger.js","statementMap":{"0":{"start":{"line":1,"column":12},"end":{"line":1,"column":28}},"1":{"start":{"line":2,"column":18},"end":{"line":2,"column":40}},"2":{"start":{"line":10,"column":4},"end":{"line":10,"column":15}},"3":{"start":{"line":11,"column":4},"end":{"line":11,"column":35}},"4":{"start":{"line":12,"column":4},"end":{"line":12,"column":26}},"5":{"start":{"line":18,"column":0},"end":{"line":18,"column":26}}},"fnMap":{"0":{"name":"(anonymous_0)","decl":{"start":{"line":9,"column":0},"end":{"line":9,"column":1}},"loc":{"start":{"line":9,"column":39},"end":{"line":13,"column":1}},"line":9}},"branchMap":{},"s":{"0":2,"1":2,"2":2,"3":2,"4":2,"5":2},"f":{"0":2},"b":{},"_coverageSchema":"1a1c01bbd47fc00a2c39e90264f33305004495a9","hash":"c5ebe466603523237f01a9b5535cec9175d43dbb"}
,"/Users/ayishaalli/Library/Mobile Documents/com~apple~CloudDocs/TECH/Multiverse Bootcamp/Airport Classes/src/plane.js": {"path":"/Users/ayishaalli/Library/Mobile Documents/com~apple~CloudDocs/TECH/Multiverse Bootcamp/Airport Classes/src/plane.js","statementMap":{"0":{"start":{"line":1,"column":18},"end":{"line":1,"column":40}},"1":{"start":{"line":2,"column":19},"end":{"line":2,"column":42}},"2":{"start":{"line":10,"column":6},"end":{"line":10,"column":23}},"3":{"start":{"line":11,"column":6},"end":{"line":11,"column":22}},"4":{"start":{"line":15,"column":6},"end":{"line":15,"column":33}},"5":{"start":{"line":19,"column":0},"end":{"line":19,"column":22}}},"fnMap":{"0":{"name":"(anonymous_0)","decl":{"start":{"line":9,"column":2},"end":{"line":9,"column":3}},"loc":{"start":{"line":9,"column":20},"end":{"line":12,"column":3}},"line":9},"1":{"name":"(anonymous_1)","decl":{"start":{"line":14,"column":2},"end":{"line":14,"column":3}},"loc":{"start":{"line":14,"column":18},"end":{"line":16,"column":3}},"line":14}},"branchMap":{},"s":{"0":1,"1":1,"2":1,"3":1,"4":1,"5":1},"f":{"0":1,"1":1},"b":{},"_coverageSchema":"1a1c01bbd47fc00a2c39e90264f33305004495a9","hash":"8c03cd5297866f83c62f4cbce37df198f0ded4fb"}
,"/Users/ayishaalli/Library/Mobile Documents/com~apple~CloudDocs/TECH/Multiverse Bootcamp/Airport Classes/src/traveller.js": {"path":"/Users/ayishaalli/Library/Mobile Documents/com~apple~CloudDocs/TECH/Multiverse Bootcamp/Airport Classes/src/traveller.js","statementMap":{"0":{"start":{"line":1,"column":12},"end":{"line":1,"column":28}},"1":{"start":{"line":5,"column":11},"end":{"line":5,"column":13}},"2":{"start":{"line":9,"column":8},"end":{"line":9,"column":25}},"3":{"start":{"line":14,"column":4},"end":{"line":14,"column":23}},"4":{"start":{"line":19,"column":0},"end":{"line":19,"column":26}},"5":{"start":{"line":21,"column":14},"end":{"line":21,"column":36}},"6":{"start":{"line":22,"column":14},"end":{"line":22,"column":36}},"7":{"start":{"line":23,"column":11},"end":{"line":23,"column":21}},"8":{"start":{"line":24,"column":11},"end":{"line":24,"column":21}},"9":{"start":{"line":25,"column":0},"end":{"line":25,"column":16}},"10":{"start":{"line":26,"column":0},"end":{"line":26,"column":16}}},"fnMap":{"0":{"name":"(anonymous_0)","decl":{"start":{"line":8,"column":4},"end":{"line":8,"column":5}},"loc":{"start":{"line":8,"column":21},"end":{"line":10,"column":5}},"line":8},"1":{"name":"(anonymous_1)","decl":{"start":{"line":13,"column":4},"end":{"line":13,"column":5}},"loc":{"start":{"line":13,"column":15},"end":{"line":15,"column":1}},"line":13}},"branchMap":{},"s":{"0":4,"1":12,"2":12,"3":9,"4":4,"5":4,"6":4,"7":4,"8":4,"9":4,"10":4},"f":{"0":12,"1":9},"b":{},"_coverageSchema":"1a1c01bbd47fc00a2c39e90264f33305004495a9","hash":"6afa507a58780fc61a93a1b900ae262397ed831f"}
}
