TN:
SF:src/bag.js
FN:5,(anonymous_0)
FN:10,(anonymous_1)
FNF:2
FNH:2
FNDA:11,(anonymous_0)
FNDA:1,(anonymous_1)
DA:6,11
DA:11,1
DA:15,5
LF:3
LH:3
BRDA:11,0,0,0
BRDA:11,0,1,1
BRF:2
BRH:1
end_of_record
TN:
SF:src/crewmember.js
FN:8,(anonymous_0)
FNF:1
FNH:1
FNDA:1,(anonymous_0)
DA:1,2
DA:2,2
DA:9,1
DA:10,1
DA:11,1
DA:16,2
LF:6
LH:6
BRF:0
BRH:0
end_of_record
TN:
SF:src/passenger.js
FN:9,(anonymous_0)
FNF:1
FNH:1
FNDA:2,(anonymous_0)
DA:1,2
DA:2,2
DA:10,2
DA:11,2
DA:12,2
DA:18,2
LF:6
LH:6
BRF:0
BRH:0
end_of_record
TN:
SF:src/plane.js
FN:9,(anonymous_0)
FN:14,(anonymous_1)
FNF:2
FNH:2
FNDA:1,(anonymous_0)
FNDA:1,(anonymous_1)
DA:1,1
DA:2,1
DA:10,1
DA:11,1
DA:15,1
DA:19,1
LF:6
LH:6
BRF:0
BRH:0
end_of_record
TN:
SF:src/traveller.js
FN:8,(anonymous_0)
FN:13,(anonymous_1)
FNF:2
FNH:2
FNDA:12,(anonymous_0)
FNDA:9,(anonymous_1)
DA:1,4
DA:5,12
DA:9,12
DA:14,9
DA:19,4
DA:21,4
DA:22,4
DA:23,4
DA:24,4
DA:25,4
DA:26,4
LF:11
LH:11
BRF:0
BRH:0
end_of_record
